<?xml version="1.0" encoding="UTF-8"?>
<testsuite name="ohtuesimerkki.StatisticsTest" tests="4" skipped="0" failures="0" errors="0" timestamp="2020-02-05T14:14:49" hostname="ems" time="0.003">
  <properties/>
  <testcase name="returnsNullIfPlayerNotFound" classname="ohtuesimerkki.StatisticsTest" time="0.002"/>
  <testcase name="returnsPlayersOfOneTeam" classname="ohtuesimerkki.StatisticsTest" time="0.0"/>
  <testcase name="returnsTopScorers" classname="ohtuesimerkki.StatisticsTest" time="0.001"/>
  <testcase name="returnsPlayerifExists" classname="ohtuesimerkki.StatisticsTest" time="0.0"/>
  <system-out><![CDATA[]]></system-out>
  <system-err><![CDATA[]]></system-err>
</testsuite>
